0 info it worked if it ends with ok
1 verbose cli [ '/home/student/.nvm/versions/node/v6.9.1/bin/node',
1 verbose cli   '/home/student/.nvm/versions/node/v6.9.1/bin/npm',
1 verbose cli   'run',
1 verbose cli   'dev' ]
2 info using npm@3.10.8
3 info using node@v6.9.1
4 verbose run-script [ 'predev', 'dev', 'postdev' ]
5 info lifecycle Drink-Splitter@1.0.0~predev: Drink-Splitter@1.0.0
6 silly lifecycle Drink-Splitter@1.0.0~predev: no script for predev, continuing
7 info lifecycle Drink-Splitter@1.0.0~dev: Drink-Splitter@1.0.0
8 verbose lifecycle Drink-Splitter@1.0.0~dev: unsafe-perm in lifecycle true
9 verbose lifecycle Drink-Splitter@1.0.0~dev: PATH: /home/student/.nvm/versions/node/v6.9.1/lib/node_modules/npm/bin/node-gyp-bin:/home/student/workspace/Drink-Splitter/node_modules/.bin:/usr/local/heroku/bin:/home/student/.nvm/versions/node/v6.9.1/bin:/home/student/bin:/home/student/.local/bin:/usr/local/sbin:/usr/local/bin:/usr/sbin:/usr/bin:/sbin:/bin:/usr/games:/usr/local/games:/snap/bin:/usr/lib/jvm/java-8-oracle/bin:/usr/lib/jvm/java-8-oracle/db/bin:/usr/lib/jvm/java-8-oracle/jre/bin:/usr/local/java/jre1.8.0_111/bin:/usr/local/java/jdk1.8.0_111/bin
10 verbose lifecycle Drink-Splitter@1.0.0~dev: CWD: /home/student/workspace/Drink-Splitter
11 silly lifecycle Drink-Splitter@1.0.0~dev: Args: [ '-c', 'node-dev ./bin/www' ]
12 silly lifecycle Drink-Splitter@1.0.0~dev: Returned: code: 1  signal: null
13 info lifecycle Drink-Splitter@1.0.0~dev: Failed to exec dev script
14 verbose stack Error: Drink-Splitter@1.0.0 dev: `node-dev ./bin/www`
14 verbose stack Exit status 1
14 verbose stack     at EventEmitter.<anonymous> (/home/student/.nvm/versions/node/v6.9.1/lib/node_modules/npm/lib/utils/lifecycle.js:255:16)
14 verbose stack     at emitTwo (events.js:106:13)
14 verbose stack     at EventEmitter.emit (events.js:191:7)
14 verbose stack     at ChildProcess.<anonymous> (/home/student/.nvm/versions/node/v6.9.1/lib/node_modules/npm/lib/utils/spawn.js:40:14)
14 verbose stack     at emitTwo (events.js:106:13)
14 verbose stack     at ChildProcess.emit (events.js:191:7)
14 verbose stack     at maybeClose (internal/child_process.js:877:16)
14 verbose stack     at Process.ChildProcess._handle.onexit (internal/child_process.js:226:5)
15 verbose pkgid Drink-Splitter@1.0.0
16 verbose cwd /home/student/workspace/Drink-Splitter
17 error Linux 4.4.0-59-generic
18 error argv "/home/student/.nvm/versions/node/v6.9.1/bin/node" "/home/student/.nvm/versions/node/v6.9.1/bin/npm" "run" "dev"
19 error node v6.9.1
20 error npm  v3.10.8
21 error code ELIFECYCLE
22 error Drink-Splitter@1.0.0 dev: `node-dev ./bin/www`
22 error Exit status 1
23 error Failed at the Drink-Splitter@1.0.0 dev script 'node-dev ./bin/www'.
23 error Make sure you have the latest version of node.js and npm installed.
23 error If you do, this is most likely a problem with the Drink-Splitter package,
23 error not with npm itself.
23 error Tell the author that this fails on your system:
23 error     node-dev ./bin/www
23 error You can get information on how to open an issue for this project with:
23 error     npm bugs Drink-Splitter
23 error Or if that isn't available, you can get their info via:
23 error     npm owner ls Drink-Splitter
23 error There is likely additional logging output above.
24 verbose exit [ 1, true ]
